Running Gradle task 'assembleDebug'...                          
lib/screens/deals/add_edit_deal_screen.dart:134:19: Error: No named parameter with the name 'filled'.
                  filled: true,
                  ^^^^^^
/C:/Program%20Files/flutter/packages/flutter/lib/src/material/text_form_field.dart:108:3: Context: Found this candidate, but the arguments don't match.
  TextFormField({
  ^^^^^^^^^^^^^
Target kernel_snapshot_program failed: Exception


FAILURE: Build failed with an exception.

* What went wrong:
Execution failed for task ':app:compileFlutterBuildDebug'.
> Process 'command 'C:\Program Files\flutter\bin\flutter.bat'' finished with non-zero exit value 1

* Try:
> Run with --stacktrace option to get the stack trace.
> Run with --info or --debug option to get more log output.
> Run with --scan to get full insights.
> Get more help at https://help.gradle.org.

BUILD FAILED in 16s
Running Gradle task 'assembleDebug'...                             16.5s
Gradle task assembleDebug failed with exit code 1
