Running Gradle task 'assembleDebug'...                          
lib/screens/deals/add_edit_deal_screen.dart:277:7: Error: Expected ';' after this.
      ),
      ^
lib/screens/deals/add_edit_deal_screen.dart:277:8: Error: Expected an identifier, but got ','.
Try inserting an identifier before ','.
      ),
       ^
lib/screens/deals/add_edit_deal_screen.dart:277:8: Error: Unexpected token ';'.
      ),
       ^
lib/screens/deals/add_edit_deal_screen.dart:278:5: Error: Expected an identifier, but got ')'.
Try inserting an identifier before ')'.
    );
    ^
lib/screens/deals/add_edit_deal_screen.dart:277:8: Error: Expected ';' after this.
      ),
       ^
lib/screens/deals/add_edit_deal_screen.dart:278:5: Error: Unexpected token ';'.
    );
    ^
Target kernel_snapshot_program failed: Exception


FAILURE: Build failed with an exception.

* What went wrong:
Execution failed for task ':app:compileFlutterBuildDebug'.
> Process 'command 'C:\Program Files\flutter\bin\flutter.bat'' finished with non-zero exit value 1

* Try:
> Run with --stacktrace option to get the stack trace.
> Run with --info or --debug option to get more log output.
> Run with --scan to get full insights.
> Get more help at https://help.gradle.org.

BUILD FAILED in 16s
Running Gradle task 'assembleDebug'...                             17.0s
Gradle task assembleDebug failed with exit code 1
